<?xml version="1.0" encoding="UTF-8"?>
<!-- Generated by org.testng.reporters.JUnitReportReporter -->
<testsuite hostname="DESKTOP-6KN9LDM" failures="0" tests="2" name="qaclickacademy.MavenJava.SeleniumTest" time="0.000" errors="0" timestamp="2020-11-28T18:30:10 IST" skipped="0">
  <testcase classname="qaclickacademy.MavenJava.SeleniumTest" name="TestTC" time="0.000"/>
  <system-out/>
  <testcase classname="qaclickacademy.MavenJava.SeleniumTest" name="BrowserTest" time="0.000"/>
  <system-out/>
</testsuite> <!-- qaclickacademy.MavenJava.SeleniumTest -->
