<?xml version="1.0" encoding="UTF-8"?>
<!-- Generated by org.testng.reporters.JUnitReportReporter -->
<testsuite hostname="DESKTOP-6KN9LDM" failures="0" tests="2" name="qaclickacademy.MavenJava.AppiumTest" time="0.004" errors="0" timestamp="2020-11-28T18:30:10 IST" skipped="0">
  <testcase classname="qaclickacademy.MavenJava.AppiumTest" name="AppiumTest2" time="0.000"/>
  <system-out/>
  <testcase classname="qaclickacademy.MavenJava.AppiumTest" name="AppiumTest1" time="0.004"/>
  <system-out/>
</testsuite> <!-- qaclickacademy.MavenJava.AppiumTest -->
